<?xml version="1.0" encoding="UTF-8"?>
<robot generator="Robot 6.1.1 (Python 3.12.1 on win32)" generated="20241105 23:54:16.701" rpa="false" schemaversion="4">
<suite id="s1" name="OpenApplication" source="C:\Users\user\beewaProjectAutomation\BeewaAutomation\Tests\OpenApplication.robot">
<test id="s1-t1" name="Open Application" line="5">
<kw name="Open Application" library="AppiumLibrary">
<arg>http://localhost:4723/wd/hub</arg>
<arg>platformName=Android</arg>
<arg>deviceName=emulator-5554</arg>
<arg>appPackage=com.roseance.book_me_place</arg>
<arg>appActivity=MainActivity</arg>
<arg>automationName=UiAutomator2</arg>
<doc>Opens a new application to given Appium server.
Capabilities of appium server, Android and iOS,
Please check https://appium.io/docs/en/2.1/cli/args/
| *Option*            | *Man.* | *Description*     |
| remote_url          | Yes    | Appium server url |
| alias               | no     | alias             |
| strict_ssl          | No     | allows you to send commands to an invalid certificate host like a self-signed one. |</doc>
<kw name="Capture Page Screenshot" library="AppiumLibrary">
<doc>Takes a screenshot of the current page and embeds it into the log.</doc>
<msg timestamp="20241105 23:54:29.824" level="FAIL">No application is open</msg>
<status status="FAIL" starttime="20241105 23:54:29.823" endtime="20241105 23:54:29.831"/>
</kw>
<msg timestamp="20241105 23:54:29.833" level="WARN">Keyword 'Capture Page Screenshot' could not be run on failure: No application is open</msg>
<msg timestamp="20241105 23:54:29.834" level="FAIL">WebDriverException: Message: An unknown server-side error occurred while processing the command. Original error: Could not proxy command to the remote server. Original error: socket hang up
Stacktrace:
UnknownError: An unknown server-side error occurred while processing the command. Original error: Could not proxy command to the remote server. Original error: socket hang up
    at UIA2Proxy.command (C:\Program Files\Appium Server GUI\resources\app\node_modules\appium\node_modules\appium-base-driver\lib\jsonwp-proxy\proxy.js:274:13)
    at runMicrotasks (&lt;anonymous&gt;)
    at processTicksAndRejections (internal/process/task_queues.js:97:5)
    at AndroidUiautomator2Driver.commands.getDevicePixelRatio (C:\Program Files\Appium Server GUI\resources\app\node_modules\appium\node_modules\appium-uiautomator2-driver\lib\commands\viewport.js:14:10)
    at AndroidUiautomator2Driver.fillDeviceDetails (C:\Program Files\Appium Server GUI\resources\app\node_modules\appium\node_modules\appium-uiautomator2-driver\lib\driver.js:244:28)
    at AndroidUiautomator2Driver.createSession (C:\Program Files\Appium Server GUI\resources\app\node_modules\appium\node_modules\appium-uiautomator2-driver\lib\driver.js:230:7)
    at AppiumDriver.createSession (C:\Program Files\Appium Server GUI\resources\app\node_modules\appium\lib\appium.js:387:35)</msg>
<status status="FAIL" starttime="20241105 23:54:17.061" endtime="20241105 23:54:29.837"/>
</kw>
<status status="FAIL" starttime="20241105 23:54:17.060" endtime="20241105 23:54:29.837">WebDriverException: Message: An unknown server-side error occurred while processing the command. Original error: Could not proxy command to the remote server. Original error: socket hang up
Stacktrace:
UnknownError: An unknown server-side error occurred while processing the command. Original error: Could not proxy command to the remote server. Original error: socket hang up
    at UIA2Proxy.command (C:\Program Files\Appium Server GUI\resources\app\node_modules\appium\node_modules\appium-base-driver\lib\jsonwp-proxy\proxy.js:274:13)
    at runMicrotasks (&lt;anonymous&gt;)
    at processTicksAndRejections (internal/process/task_queues.js:97:5)
    at AndroidUiautomator2Driver.commands.getDevicePixelRatio (C:\Program Files\Appium Server GUI\resources\app\node_modules\appium\node_modules\appium-uiautomator2-driver\lib\commands\viewport.js:14:10)
    at AndroidUiautomator2Driver.fillDeviceDetails (C:\Program Files\Appium Server GUI\resources\app\node_modules\appium\node_modules\appium-uiautomator2-driver\lib\driver.js:244:28)
    at AndroidUiautomator2Driver.createSession (C:\Program Files\Appium Server GUI\resources\app\node_modules\appium\node_modules\appium-uiautomator2-driver\lib\driver.js:230:7)
    at AppiumDriver.createSession (C:\Program Files\Appium Server GUI\resources\app\node_modules\appium\lib\appium.js:387:35)</status>
</test>
<status status="FAIL" starttime="20241105 23:54:16.703" endtime="20241105 23:54:29.839"/>
</suite>
<statistics>
<total>
<stat pass="0" fail="1" skip="0">All Tests</stat>
</total>
<tag>
</tag>
<suite>
<stat pass="0" fail="1" skip="0" id="s1" name="OpenApplication">OpenApplication</stat>
</suite>
</statistics>
<errors>
<msg timestamp="20241105 23:54:29.833" level="WARN">Keyword 'Capture Page Screenshot' could not be run on failure: No application is open</msg>
</errors>
</robot>
