<?xml version="1.0" encoding="UTF-8"?>
<robot generator="Robot 6.1.1 (Python 3.12.1 on win32)" generated="20250212 14:23:13.891" rpa="false" schemaversion="4">
<suite id="s1" name="OpenApplication" source="C:\Users\user\appiumWithRobotForMobile\tests\OpenApplication.robot">
<test id="s1-t1" name="Open Application" line="21">
<kw name="Open Application" library="AppiumLibrary">
<arg>http://127.0.0.1:4723/wd/hub</arg>
<arg>platformName=Android</arg>
<arg>deviceName=emulgator-5554</arg>
<arg>appPackage=${ANDROID_APP}</arg>
<arg>appActivity=MainActivity</arg>
<arg>automationName=UiAutomator2</arg>
<doc>Opens a new application to given Appium server.
Capabilities of appium server, Android and iOS,
Please check https://appium.io/docs/en/2.1/cli/args/
| *Option*            | *Man.* | *Description*     |
| remote_url          | Yes    | Appium server url |
| alias               | no     | alias             |
| strict_ssl          | No     | allows you to send commands to an invalid certificate host like a self-signed one. |</doc>
<kw name="Capture Page Screenshot" library="AppiumLibrary">
<doc>Takes a screenshot of the current page and embeds it into the log.</doc>
<msg timestamp="20250212 14:23:14.284" level="FAIL">No application is open</msg>
<status status="FAIL" starttime="20250212 14:23:14.284" endtime="20250212 14:23:14.289"/>
</kw>
<msg timestamp="20250212 14:23:14.291" level="WARN">Keyword 'Capture Page Screenshot' could not be run on failure: No application is open</msg>
<msg timestamp="20250212 14:23:14.291" level="FAIL">AttributeError: 'NoneType' object has no attribute 'ca_certs'</msg>
<status status="FAIL" starttime="20250212 14:23:14.283" endtime="20250212 14:23:14.292"/>
</kw>
<kw name="Wait Until Page Contains Element" library="AppiumLibrary">
<arg>${allowButton}</arg>
<doc>Waits until element specified with `locator` appears on current page.</doc>
<status status="NOT RUN" starttime="20250212 14:23:14.292" endtime="20250212 14:23:14.292"/>
</kw>
<kw name="Click Element" library="AppiumLibrary">
<arg>${allowButton}</arg>
<doc>Click element identified by `locator`.</doc>
<status status="NOT RUN" starttime="20250212 14:23:14.292" endtime="20250212 14:23:14.292"/>
</kw>
<kw name="Wait Until Page Contains Element" library="AppiumLibrary">
<arg>${profileButton}</arg>
<doc>Waits until element specified with `locator` appears on current page.</doc>
<status status="NOT RUN" starttime="20250212 14:23:14.292" endtime="20250212 14:23:14.293"/>
</kw>
<kw name="Click Element" library="AppiumLibrary">
<arg>${profileButton}</arg>
<doc>Click element identified by `locator`.</doc>
<status status="NOT RUN" starttime="20250212 14:23:14.293" endtime="20250212 14:23:14.293"/>
</kw>
<kw name="Wait Until Page Contains Element" library="AppiumLibrary">
<arg>${loginButton}</arg>
<doc>Waits until element specified with `locator` appears on current page.</doc>
<status status="NOT RUN" starttime="20250212 14:23:14.293" endtime="20250212 14:23:14.293"/>
</kw>
<kw name="Click Element" library="AppiumLibrary">
<arg>${loginButton}</arg>
<doc>Click element identified by `locator`.</doc>
<status status="NOT RUN" starttime="20250212 14:23:14.293" endtime="20250212 14:23:14.293"/>
</kw>
<kw name="Wait Until Page Contains Element" library="AppiumLibrary">
<arg>${usernameField}</arg>
<doc>Waits until element specified with `locator` appears on current page.</doc>
<status status="NOT RUN" starttime="20250212 14:23:14.293" endtime="20250212 14:23:14.293"/>
</kw>
<kw name="Click Element" library="AppiumLibrary">
<arg>${usernameField}</arg>
<doc>Click element identified by `locator`.</doc>
<status status="NOT RUN" starttime="20250212 14:23:14.293" endtime="20250212 14:23:14.293"/>
</kw>
<kw name="Input Text" library="AppiumLibrary">
<arg>${usernameField}</arg>
<arg>${user1Email}</arg>
<doc>Types the given `text` into text field identified by `locator`.</doc>
<status status="NOT RUN" starttime="20250212 14:23:14.294" endtime="20250212 14:23:14.294"/>
</kw>
<kw name="Click Element" library="AppiumLibrary">
<arg>${passwordField}</arg>
<doc>Click element identified by `locator`.</doc>
<status status="NOT RUN" starttime="20250212 14:23:14.294" endtime="20250212 14:23:14.294"/>
</kw>
<kw name="Input Password" library="AppiumLibrary">
<arg>${passwordField}</arg>
<arg>${user1Password}</arg>
<doc>Types the given password into text field identified by `locator`.</doc>
<status status="NOT RUN" starttime="20250212 14:23:14.294" endtime="20250212 14:23:14.294"/>
</kw>
<kw name="Wait Until Page Contains Element" library="AppiumLibrary">
<arg>${loginButtonLoginPage}</arg>
<doc>Waits until element specified with `locator` appears on current page.</doc>
<status status="NOT RUN" starttime="20250212 14:23:14.294" endtime="20250212 14:23:14.294"/>
</kw>
<kw name="Click Element" library="AppiumLibrary">
<arg>${loginButtonLoginPage}</arg>
<doc>Click element identified by `locator`.</doc>
<status status="NOT RUN" starttime="20250212 14:23:14.295" endtime="20250212 14:23:14.295"/>
</kw>
<kw name="Wait Until Page Contains Element" library="AppiumLibrary">
<arg>${BarbarPhase}</arg>
<doc>Waits until element specified with `locator` appears on current page.</doc>
<status status="NOT RUN" starttime="20250212 14:23:14.295" endtime="20250212 14:23:14.295"/>
</kw>
<kw name="Close Application" library="AppiumLibrary">
<doc>Closes the current application and also close webdriver session.</doc>
<status status="NOT RUN" starttime="20250212 14:23:14.295" endtime="20250212 14:23:14.295"/>
</kw>
<status status="FAIL" starttime="20250212 14:23:14.282" endtime="20250212 14:23:14.295">AttributeError: 'NoneType' object has no attribute 'ca_certs'</status>
</test>
<status status="FAIL" starttime="20250212 14:23:13.894" endtime="20250212 14:23:14.296"/>
</suite>
<statistics>
<total>
<stat pass="0" fail="1" skip="0">All Tests</stat>
</total>
<tag>
</tag>
<suite>
<stat pass="0" fail="1" skip="0" id="s1" name="OpenApplication">OpenApplication</stat>
</suite>
</statistics>
<errors>
<msg timestamp="20250212 14:23:14.291" level="WARN">Keyword 'Capture Page Screenshot' could not be run on failure: No application is open</msg>
</errors>
</robot>
