<?xml version="1.0" encoding="UTF-8"?>
<robot generator="Robot 6.1.1 (Python 3.12.1 on win32)" generated="20241110 22:50:11.670" rpa="false" schemaversion="4">
<suite id="s1" name="OpenApplication" source="C:\Users\user\beewaProjectAutomation\BeewaAutomation\Tests\OpenApplication.robot">
<test id="s1-t1" name="Open Application" line="9">
<kw name="Open Application" library="AppiumLibrary">
<arg>http://localhost:4723/wd/hub</arg>
<arg>platformName=Android</arg>
<arg>deviceName=IJZPIVKJ85OBO7HQ</arg>
<arg>appPackage=com.roseance.book_me_place</arg>
<arg>appActivity=MainActivity</arg>
<arg>automationName=UiAutomator2</arg>
<doc>Opens a new application to given Appium server.
Capabilities of appium server, Android and iOS,
Please check https://appium.io/docs/en/2.1/cli/args/
| *Option*            | *Man.* | *Description*     |
| remote_url          | Yes    | Appium server url |
| alias               | no     | alias             |
| strict_ssl          | No     | allows you to send commands to an invalid certificate host like a self-signed one. |</doc>
<status status="PASS" starttime="20241110 22:50:11.976" endtime="20241110 22:50:24.209"/>
</kw>
<kw name="Wait Until Page Contains Element" library="AppiumLibrary">
<arg>${allowButton}</arg>
<doc>Waits until element specified with `locator` appears on current page.</doc>
<msg timestamp="20241110 22:50:25.122" level="INFO">criteria is com.android.permissioncontroller:id/permission_allow_button</msg>
<status status="PASS" starttime="20241110 22:50:24.209" endtime="20241110 22:50:25.124"/>
</kw>
<kw name="Click Element" library="AppiumLibrary">
<arg>${allowButton}</arg>
<doc>Click element identified by `locator`.</doc>
<msg timestamp="20241110 22:50:25.125" level="INFO">Clicking element 'id=com.android.permissioncontroller:id/permission_allow_button'.</msg>
<msg timestamp="20241110 22:50:25.265" level="INFO">criteria is com.android.permissioncontroller:id/permission_allow_button</msg>
<status status="PASS" starttime="20241110 22:50:25.124" endtime="20241110 22:50:25.265"/>
</kw>
<kw name="Wait Until Page Contains Element" library="AppiumLibrary">
<arg>${profileButton}</arg>
<doc>Waits until element specified with `locator` appears on current page.</doc>
<msg timestamp="20241110 22:50:26.025" level="INFO">xpath criteria: //hierarchy/android.widget.FrameLayout/android.widget.LinearLayout/android.widget.FrameLayout/android.widget.FrameLayout/android.view.View/android.view.View/android.view.View/android.view.View/android.view.View[1]/android.widget.Button[2]</msg>
<status status="PASS" starttime="20241110 22:50:25.265" endtime="20241110 22:50:26.026"/>
</kw>
<kw name="Click Element" library="AppiumLibrary">
<arg>${profileButton}</arg>
<doc>Click element identified by `locator`.</doc>
<msg timestamp="20241110 22:50:26.027" level="INFO">Clicking element '//hierarchy/android.widget.FrameLayout/android.widget.LinearLayout/android.widget.FrameLayout/android.widget.FrameLayout/android.view.View/android.view.View/android.view.View/android.view.View/android.view.View[1]/android.widget.Button[2]'.</msg>
<msg timestamp="20241110 22:50:26.172" level="INFO">xpath criteria: //hierarchy/android.widget.FrameLayout/android.widget.LinearLayout/android.widget.FrameLayout/android.widget.FrameLayout/android.view.View/android.view.View/android.view.View/android.view.View/android.view.View[1]/android.widget.Button[2]</msg>
<status status="PASS" starttime="20241110 22:50:26.026" endtime="20241110 22:50:26.172"/>
</kw>
<status status="PASS" starttime="20241110 22:50:11.973" endtime="20241110 22:50:26.173"/>
</test>
<status status="PASS" starttime="20241110 22:50:11.673" endtime="20241110 22:50:26.173"/>
</suite>
<statistics>
<total>
<stat pass="1" fail="0" skip="0">All Tests</stat>
</total>
<tag>
</tag>
<suite>
<stat pass="1" fail="0" skip="0" id="s1" name="OpenApplication">OpenApplication</stat>
</suite>
</statistics>
<errors>
</errors>
</robot>
